{"C:\\Users\\mansi\\.vscode\\recipe\\recipe-frontend\\src\\components\\Typeahead.jsx": {"path":"C:\\Users\\mansi\\.vscode\\recipe\\recipe-frontend\\src\\components\\Typeahead.jsx","statementMap":{"0":{"start":{"line":6,"column":28},"end":{"line":6,"column":40}},"1":{"start":{"line":7,"column":32},"end":{"line":7,"column":44}},"2":{"start":{"line":8,"column":32},"end":{"line":8,"column":47}},"3":{"start":{"line":9,"column":28},"end":{"line":9,"column":42}},"4":{"start":{"line":10,"column":16},"end":{"line":10,"column":28}},"5":{"start":{"line":11,"column":19},"end":{"line":11,"column":32}},"6":{"start":{"line":14,"column":14},"end":{"line":14,"column":28}},"7":{"start":{"line":15,"column":4},"end":{"line":15,"column":15}},"8":{"start":{"line":16,"column":4},"end":{"line":16,"column":18}},"9":{"start":{"line":17,"column":4},"end":{"line":17,"column":50}},"10":{"start":{"line":17,"column":23},"end":{"line":17,"column":50}},"11":{"start":{"line":18,"column":4},"end":{"line":20,"column":5}},"12":{"start":{"line":19,"column":6},"end":{"line":19,"column":66}},"13":{"start":{"line":19,"column":38},"end":{"line":19,"column":60}},"14":{"start":{"line":24,"column":4},"end":{"line":24,"column":20}},"15":{"start":{"line":25,"column":4},"end":{"line":25,"column":18}},"16":{"start":{"line":26,"column":4},"end":{"line":35,"column":5}},"17":{"start":{"line":27,"column":18},"end":{"line":27,"column":83}},"18":{"start":{"line":28,"column":6},"end":{"line":28,"column":32}},"19":{"start":{"line":30,"column":6},"end":{"line":30,"column":24}},"20":{"start":{"line":31,"column":6},"end":{"line":31,"column":106}},"21":{"start":{"line":32,"column":6},"end":{"line":32,"column":20}},"22":{"start":{"line":34,"column":6},"end":{"line":34,"column":23}},"23":{"start":{"line":39,"column":4},"end":{"line":39,"column":16}},"24":{"start":{"line":40,"column":4},"end":{"line":40,"column":18}},"25":{"start":{"line":41,"column":4},"end":{"line":41,"column":30}},"26":{"start":{"line":44,"column":2},"end":{"line":65,"column":3}},"27":{"start":{"line":57,"column":12},"end":{"line":60,"column":17}},"28":{"start":{"line":57,"column":41},"end":{"line":57,"column":55}}},"fnMap":{"0":{"name":"Typeahead","decl":{"start":{"line":5,"column":24},"end":{"line":5,"column":33}},"loc":{"start":{"line":5,"column":35},"end":{"line":66,"column":1}},"line":5},"1":{"name":"onChange","decl":{"start":{"line":13,"column":11},"end":{"line":13,"column":19}},"loc":{"start":{"line":13,"column":22},"end":{"line":21,"column":3}},"line":13},"2":{"name":"(anonymous_2)","decl":{"start":{"line":19,"column":33},"end":{"line":19,"column":34}},"loc":{"start":{"line":19,"column":38},"end":{"line":19,"column":60}},"line":19},"3":{"name":"fetchResults","decl":{"start":{"line":23,"column":17},"end":{"line":23,"column":29}},"loc":{"start":{"line":23,"column":32},"end":{"line":36,"column":3}},"line":23},"4":{"name":"onSelect","decl":{"start":{"line":38,"column":11},"end":{"line":38,"column":19}},"loc":{"start":{"line":38,"column":23},"end":{"line":42,"column":3}},"line":38},"5":{"name":"(anonymous_5)","decl":{"start":{"line":56,"column":23},"end":{"line":56,"column":24}},"loc":{"start":{"line":57,"column":12},"end":{"line":60,"column":17}},"line":57},"6":{"name":"(anonymous_6)","decl":{"start":{"line":57,"column":36},"end":{"line":57,"column":37}},"loc":{"start":{"line":57,"column":41},"end":{"line":57,"column":55}},"line":57}},"branchMap":{"0":{"loc":{"start":{"line":17,"column":4},"end":{"line":17,"column":50}},"type":"if","locations":[{"start":{"line":17,"column":4},"end":{"line":17,"column":50}},{"start":{},"end":{}}],"line":17},"1":{"loc":{"start":{"line":18,"column":4},"end":{"line":20,"column":5}},"type":"if","locations":[{"start":{"line":18,"column":4},"end":{"line":20,"column":5}},{"start":{},"end":{}}],"line":18},"2":{"loc":{"start":{"line":18,"column":8},"end":{"line":18,"column":33}},"type":"binary-expr","locations":[{"start":{"line":18,"column":8},"end":{"line":18,"column":9}},{"start":{"line":18,"column":13},"end":{"line":18,"column":33}}],"line":18},"3":{"loc":{"start":{"line":28,"column":17},"end":{"line":28,"column":31}},"type":"binary-expr","locations":[{"start":{"line":28,"column":17},"end":{"line":28,"column":25}},{"start":{"line":28,"column":29},"end":{"line":28,"column":31}}],"line":28},"4":{"loc":{"start":{"line":31,"column":15},"end":{"line":31,"column":105}},"type":"binary-expr","locations":[{"start":{"line":31,"column":15},"end":{"line":31,"column":42}},{"start":{"line":31,"column":46},"end":{"line":31,"column":105}}],"line":31},"5":{"loc":{"start":{"line":52,"column":7},"end":{"line":52,"column":56}},"type":"binary-expr","locations":[{"start":{"line":52,"column":7},"end":{"line":52,"column":14}},{"start":{"line":52,"column":18},"end":{"line":52,"column":56}}],"line":52},"6":{"loc":{"start":{"line":53,"column":7},"end":{"line":53,"column":52}},"type":"binary-expr","locations":[{"start":{"line":53,"column":7},"end":{"line":53,"column":12}},{"start":{"line":53,"column":16},"end":{"line":53,"column":52}}],"line":53},"7":{"loc":{"start":{"line":54,"column":7},"end":{"line":63,"column":7}},"type":"binary-expr","locations":[{"start":{"line":54,"column":7},"end":{"line":54,"column":15}},{"start":{"line":54,"column":19},"end":{"line":54,"column":25}},{"start":{"line":54,"column":29},"end":{"line":54,"column":47}},{"start":{"line":55,"column":8},"end":{"line":62,"column":13}}],"line":54},"8":{"loc":{"start":{"line":59,"column":37},"end":{"line":59,"column":53}},"type":"binary-expr","locations":[{"start":{"line":59,"column":37},"end":{"line":59,"column":46}},{"start":{"line":59,"column":50},"end":{"line":59,"column":53}}],"line":59}},"s":{"0":7,"1":7,"2":7,"3":7,"4":7,"5":7,"6":2,"7":2,"8":2,"9":2,"10":0,"11":2,"12":2,"13":2,"14":2,"15":2,"16":2,"17":2,"18":2,"19":1,"20":1,"21":1,"22":2,"23":0,"24":0,"25":0,"26":7,"27":2,"28":0},"f":{"0":7,"1":2,"2":2,"3":2,"4":0,"5":2,"6":0},"b":{"0":[0,2],"1":[2,0],"2":[2,2],"3":[2,0],"4":[1,1],"5":[7,1],"6":[7,0],"7":[7,6,6,1],"8":[2,0]},"_coverageSchema":"1a1c01bbd47fc00a2c39e90264f33305004495a9","hash":"0dd5356409356f39ca08d038624e1334f6550241"}
,"C:\\Users\\mansi\\.vscode\\recipe\\recipe-frontend\\src\\pages\\RecipeDetails.jsx": {"path":"C:\\Users\\mansi\\.vscode\\recipe\\recipe-frontend\\src\\pages\\RecipeDetails.jsx","statementMap":{"0":{"start":{"line":6,"column":17},"end":{"line":6,"column":28}},"1":{"start":{"line":7,"column":30},"end":{"line":7,"column":44}},"2":{"start":{"line":8,"column":32},"end":{"line":8,"column":46}},"3":{"start":{"line":9,"column":28},"end":{"line":9,"column":42}},"4":{"start":{"line":11,"column":2},"end":{"line":23,"column":9}},"5":{"start":{"line":12,"column":18},"end":{"line":12,"column":22}},"6":{"start":{"line":13,"column":4},"end":{"line":13,"column":18}},"7":{"start":{"line":14,"column":4},"end":{"line":21,"column":49}},"8":{"start":{"line":15,"column":6},"end":{"line":15,"column":35}},"9":{"start":{"line":15,"column":18},"end":{"line":15,"column":35}},"10":{"start":{"line":17,"column":6},"end":{"line":20,"column":7}},"11":{"start":{"line":18,"column":8},"end":{"line":18,"column":109}},"12":{"start":{"line":19,"column":8},"end":{"line":19,"column":23}},"13":{"start":{"line":21,"column":20},"end":{"line":21,"column":48}},"14":{"start":{"line":22,"column":4},"end":{"line":22,"column":31}},"15":{"start":{"line":22,"column":16},"end":{"line":22,"column":31}},"16":{"start":{"line":25,"column":2},"end":{"line":25,"column":61}},"17":{"start":{"line":25,"column":15},"end":{"line":25,"column":61}},"18":{"start":{"line":26,"column":2},"end":{"line":31,"column":3}},"19":{"start":{"line":26,"column":13},"end":{"line":31,"column":3}},"20":{"start":{"line":32,"column":2},"end":{"line":32,"column":95}},"21":{"start":{"line":32,"column":15},"end":{"line":32,"column":95}},"22":{"start":{"line":34,"column":2},"end":{"line":90,"column":3}},"23":{"start":{"line":74,"column":52},"end":{"line":74,"column":74}},"24":{"start":{"line":83,"column":55},"end":{"line":83,"column":75}}},"fnMap":{"0":{"name":"RecipeDetails","decl":{"start":{"line":5,"column":24},"end":{"line":5,"column":37}},"loc":{"start":{"line":5,"column":39},"end":{"line":91,"column":1}},"line":5},"1":{"name":"(anonymous_1)","decl":{"start":{"line":11,"column":12},"end":{"line":11,"column":13}},"loc":{"start":{"line":11,"column":16},"end":{"line":23,"column":3}},"line":11},"2":{"name":"(anonymous_2)","decl":{"start":{"line":14,"column":41},"end":{"line":14,"column":42}},"loc":{"start":{"line":14,"column":44},"end":{"line":16,"column":5}},"line":14},"3":{"name":"(anonymous_3)","decl":{"start":{"line":16,"column":13},"end":{"line":16,"column":14}},"loc":{"start":{"line":16,"column":20},"end":{"line":21,"column":5}},"line":16},"4":{"name":"(anonymous_4)","decl":{"start":{"line":21,"column":15},"end":{"line":21,"column":16}},"loc":{"start":{"line":21,"column":20},"end":{"line":21,"column":48}},"line":21},"5":{"name":"(anonymous_5)","decl":{"start":{"line":22,"column":11},"end":{"line":22,"column":12}},"loc":{"start":{"line":22,"column":16},"end":{"line":22,"column":31}},"line":22},"6":{"name":"(anonymous_6)","decl":{"start":{"line":74,"column":40},"end":{"line":74,"column":41}},"loc":{"start":{"line":74,"column":52},"end":{"line":74,"column":74}},"line":74},"7":{"name":"(anonymous_7)","decl":{"start":{"line":83,"column":45},"end":{"line":83,"column":46}},"loc":{"start":{"line":83,"column":55},"end":{"line":83,"column":75}},"line":83}},"branchMap":{"0":{"loc":{"start":{"line":15,"column":6},"end":{"line":15,"column":35}},"type":"if","locations":[{"start":{"line":15,"column":6},"end":{"line":15,"column":35}},{"start":{},"end":{}}],"line":15},"1":{"loc":{"start":{"line":17,"column":6},"end":{"line":20,"column":7}},"type":"if","locations":[{"start":{"line":17,"column":6},"end":{"line":20,"column":7}},{"start":{},"end":{}}],"line":17},"2":{"loc":{"start":{"line":18,"column":17},"end":{"line":18,"column":108}},"type":"binary-expr","locations":[{"start":{"line":18,"column":17},"end":{"line":18,"column":44}},{"start":{"line":18,"column":48},"end":{"line":18,"column":59}},{"start":{"line":18,"column":63},"end":{"line":18,"column":108}}],"line":18},"3":{"loc":{"start":{"line":21,"column":20},"end":{"line":21,"column":48}},"type":"binary-expr","locations":[{"start":{"line":21,"column":20},"end":{"line":21,"column":27}},{"start":{"line":21,"column":31},"end":{"line":21,"column":48}}],"line":21},"4":{"loc":{"start":{"line":25,"column":2},"end":{"line":25,"column":61}},"type":"if","locations":[{"start":{"line":25,"column":2},"end":{"line":25,"column":61}},{"start":{},"end":{}}],"line":25},"5":{"loc":{"start":{"line":26,"column":2},"end":{"line":31,"column":3}},"type":"if","locations":[{"start":{"line":26,"column":2},"end":{"line":31,"column":3}},{"start":{},"end":{}}],"line":26},"6":{"loc":{"start":{"line":32,"column":2},"end":{"line":32,"column":95}},"type":"if","locations":[{"start":{"line":32,"column":2},"end":{"line":32,"column":95}},{"start":{},"end":{}}],"line":32},"7":{"loc":{"start":{"line":39,"column":9},"end":{"line":39,"column":93}},"type":"binary-expr","locations":[{"start":{"line":39,"column":9},"end":{"line":39,"column":21}},{"start":{"line":39,"column":25},"end":{"line":39,"column":93}}],"line":39},"8":{"loc":{"start":{"line":47,"column":46},"end":{"line":47,"column":67}},"type":"binary-expr","locations":[{"start":{"line":47,"column":46},"end":{"line":47,"column":60}},{"start":{"line":47,"column":64},"end":{"line":47,"column":67}}],"line":47},"9":{"loc":{"start":{"line":48,"column":15},"end":{"line":48,"column":95}},"type":"binary-expr","locations":[{"start":{"line":48,"column":15},"end":{"line":48,"column":32}},{"start":{"line":48,"column":36},"end":{"line":48,"column":95}}],"line":48},"10":{"loc":{"start":{"line":49,"column":15},"end":{"line":49,"column":89}},"type":"binary-expr","locations":[{"start":{"line":49,"column":15},"end":{"line":49,"column":30}},{"start":{"line":49,"column":34},"end":{"line":49,"column":89}}],"line":49},"11":{"loc":{"start":{"line":50,"column":15},"end":{"line":52,"column":15}},"type":"binary-expr","locations":[{"start":{"line":50,"column":15},"end":{"line":50,"column":40}},{"start":{"line":51,"column":16},"end":{"line":51,"column":93}}],"line":50},"12":{"loc":{"start":{"line":56,"column":15},"end":{"line":58,"column":15}},"type":"binary-expr","locations":[{"start":{"line":56,"column":15},"end":{"line":56,"column":37}},{"start":{"line":57,"column":16},"end":{"line":57,"column":87}}],"line":56},"13":{"loc":{"start":{"line":59,"column":15},"end":{"line":61,"column":15}},"type":"binary-expr","locations":[{"start":{"line":59,"column":15},"end":{"line":59,"column":37}},{"start":{"line":60,"column":16},"end":{"line":60,"column":87}}],"line":59},"14":{"loc":{"start":{"line":62,"column":15},"end":{"line":64,"column":15}},"type":"binary-expr","locations":[{"start":{"line":62,"column":15},"end":{"line":62,"column":37}},{"start":{"line":62,"column":41},"end":{"line":62,"column":63}},{"start":{"line":63,"column":16},"end":{"line":63,"column":113}}],"line":62},"15":{"loc":{"start":{"line":69,"column":9},"end":{"line":69,"column":86}},"type":"binary-expr","locations":[{"start":{"line":69,"column":9},"end":{"line":69,"column":27}},{"start":{"line":69,"column":31},"end":{"line":69,"column":86}}],"line":69},"16":{"loc":{"start":{"line":71,"column":9},"end":{"line":76,"column":9}},"type":"binary-expr","locations":[{"start":{"line":71,"column":9},"end":{"line":71,"column":27}},{"start":{"line":71,"column":31},"end":{"line":71,"column":64}},{"start":{"line":72,"column":10},"end":{"line":75,"column":16}}],"line":71},"17":{"loc":{"start":{"line":79,"column":9},"end":{"line":87,"column":9}},"type":"binary-expr","locations":[{"start":{"line":79,"column":9},"end":{"line":79,"column":28}},{"start":{"line":80,"column":10},"end":{"line":86,"column":16}}],"line":79},"18":{"loc":{"start":{"line":82,"column":13},"end":{"line":84,"column":48}},"type":"cond-expr","locations":[{"start":{"line":83,"column":16},"end":{"line":83,"column":82}},{"start":{"line":84,"column":16},"end":{"line":84,"column":48}}],"line":82}},"s":{"0":5,"1":5,"2":5,"3":5,"4":5,"5":3,"6":3,"7":3,"8":1,"9":1,"10":1,"11":1,"12":1,"13":2,"14":3,"15":3,"16":5,"17":3,"18":2,"19":1,"20":1,"21":0,"22":1,"23":0,"24":0},"f":{"0":5,"1":3,"2":1,"3":1,"4":2,"5":3,"6":0,"7":0},"b":{"0":[1,0],"1":[1,0],"2":[1,1,0],"3":[2,2],"4":[3,2],"5":[1,1],"6":[0,1],"7":[1,1],"8":[1,0],"9":[1,0],"10":[1,0],"11":[1,0],"12":[1,0],"13":[1,0],"14":[1,0,0],"15":[1,1],"16":[1,0,0],"17":[1,0],"18":[0,0]},"_coverageSchema":"1a1c01bbd47fc00a2c39e90264f33305004495a9","hash":"a0d522d590b16d32af453c58afa88e756517dd1d"}
}
