TN:
SF:src\components\Typeahead.jsx
FN:5,Typeahead
FN:13,onChange
FN:19,(anonymous_2)
FN:23,fetchResults
FN:38,onSelect
FN:56,(anonymous_5)
FN:57,(anonymous_6)
FNF:7
FNH:5
FNDA:7,Typeahead
FNDA:2,onChange
FNDA:2,(anonymous_2)
FNDA:2,fetchResults
FNDA:0,onSelect
FNDA:2,(anonymous_5)
FNDA:0,(anonymous_6)
DA:6,7
DA:7,7
DA:8,7
DA:9,7
DA:10,7
DA:11,7
DA:14,2
DA:15,2
DA:16,2
DA:17,2
DA:18,2
DA:19,2
DA:24,2
DA:25,2
DA:26,2
DA:27,2
DA:28,2
DA:30,1
DA:31,1
DA:32,1
DA:34,2
DA:39,0
DA:40,0
DA:41,0
DA:44,7
DA:57,2
LF:26
LH:23
BRDA:17,0,0,0
BRDA:17,0,1,2
BRDA:18,1,0,2
BRDA:18,1,1,0
BRDA:18,2,0,2
BRDA:18,2,1,2
BRDA:28,3,0,2
BRDA:28,3,1,0
BRDA:31,4,0,1
BRDA:31,4,1,1
BRDA:52,5,0,7
BRDA:52,5,1,1
BRDA:53,6,0,7
BRDA:53,6,1,0
BRDA:54,7,0,7
BRDA:54,7,1,6
BRDA:54,7,2,6
BRDA:54,7,3,1
BRDA:59,8,0,2
BRDA:59,8,1,0
BRF:20
BRH:15
end_of_record
TN:
SF:src\pages\RecipeDetails.jsx
FN:5,RecipeDetails
FN:11,(anonymous_1)
FN:14,(anonymous_2)
FN:16,(anonymous_3)
FN:21,(anonymous_4)
FN:22,(anonymous_5)
FN:74,(anonymous_6)
FN:83,(anonymous_7)
FNF:8
FNH:6
FNDA:5,RecipeDetails
FNDA:3,(anonymous_1)
FNDA:1,(anonymous_2)
FNDA:1,(anonymous_3)
FNDA:2,(anonymous_4)
FNDA:3,(anonymous_5)
FNDA:0,(anonymous_6)
FNDA:0,(anonymous_7)
DA:6,5
DA:7,5
DA:8,5
DA:9,5
DA:11,5
DA:12,3
DA:13,3
DA:14,3
DA:15,1
DA:17,1
DA:18,1
DA:19,1
DA:21,2
DA:22,3
DA:25,5
DA:26,2
DA:32,1
DA:34,1
DA:74,0
DA:83,0
LF:20
LH:18
BRDA:15,0,0,1
BRDA:15,0,1,0
BRDA:17,1,0,1
BRDA:17,1,1,0
BRDA:18,2,0,1
BRDA:18,2,1,1
BRDA:18,2,2,0
BRDA:21,3,0,2
BRDA:21,3,1,2
BRDA:25,4,0,3
BRDA:25,4,1,2
BRDA:26,5,0,1
BRDA:26,5,1,1
BRDA:32,6,0,0
BRDA:32,6,1,1
BRDA:39,7,0,1
BRDA:39,7,1,1
BRDA:47,8,0,1
BRDA:47,8,1,0
BRDA:48,9,0,1
BRDA:48,9,1,0
BRDA:49,10,0,1
BRDA:49,10,1,0
BRDA:50,11,0,1
BRDA:50,11,1,0
BRDA:56,12,0,1
BRDA:56,12,1,0
BRDA:59,13,0,1
BRDA:59,13,1,0
BRDA:62,14,0,1
BRDA:62,14,1,0
BRDA:62,14,2,0
BRDA:69,15,0,1
BRDA:69,15,1,1
BRDA:71,16,0,1
BRDA:71,16,1,0
BRDA:71,16,2,0
BRDA:79,17,0,1
BRDA:79,17,1,0
BRDA:82,18,0,0
BRDA:82,18,1,0
BRF:41
BRH:24
end_of_record
